<?xml version="1.0" encoding="UTF-8"?>
<!-- Generated by org.testng.reporters.JUnitXMLReporter -->
<testsuite ignored="0" hostname="Srinivass-MacBook-Air.local" failures="1" tests="1" name="windows-chrome(failed)" time="26.265" errors="0" timestamp="2024-11-29T12:23:54 GMT">
  <testcase classname="testcases.TC2_Login" name="testLoginWithValidCredentials" time="23.21">
    <failure type="java.lang.AssertionError" message="Login failed: &amp;apos;My Account&amp;apos; page not displayed. expected [true] but found [false]">
      <![CDATA[java.lang.AssertionError: Login failed: 'My Account' page not displayed. expected [true] but found [false]
at testcases.TC2_Login.testLoginWithValidCredentials(TC2_Login.java:51)
at java.base/java.util.ArrayList.forEach(ArrayList.java:1597)
... Removed 28 stack frames]]>
    </failure>
  </testcase> <!-- testLoginWithValidCredentials -->
</testsuite> <!-- windows-chrome(failed) -->
